<?xml version="1.0" encoding="UTF-8"?>
<testsuite name="com.roon.board.web.HelloControllerTest" tests="2" skipped="0" failures="0" errors="0" timestamp="2021-04-20T13:43:19" hostname="DESKTOP-LH4F6AF" time="0.308">
  <properties/>
  <testcase name="helloDto_리턴" classname="com.roon.board.web.HelloControllerTest" time="0.295"/>
  <testcase name="hello_리턴" classname="com.roon.board.web.HelloControllerTest" time="0.012"/>
  <system-out><![CDATA[2021-04-20 22:43:17.608  INFO 916 --- [    Test worker] .b.t.a.w.s.WebMvcTestContextBootstrapper : Neither @ContextConfiguration nor @ContextHierarchy found for test class [com.roon.board.web.HelloControllerTest], using SpringBootContextLoader
2021-04-20 22:43:17.615  INFO 916 --- [    Test worker] o.s.t.c.support.AbstractContextLoader    : Could not detect default resource locations for test class [com.roon.board.web.HelloControllerTest]: no resource found for suffixes {-context.xml, Context.groovy}.
2021-04-20 22:43:17.615  INFO 916 --- [    Test worker] t.c.s.AnnotationConfigContextLoaderUtils : Could not detect default configuration classes for test class [com.roon.board.web.HelloControllerTest]: HelloControllerTest does not declare any static, non-private, non-final, nested classes annotated with @Configuration.
2021-04-20 22:43:17.658  INFO 916 --- [    Test worker] .b.t.c.SpringBootTestContextBootstrapper : Found @SpringBootConfiguration com.roon.board.Application for test class com.roon.board.web.HelloControllerTest
2021-04-20 22:43:17.659  INFO 916 --- [    Test worker] .b.t.a.w.s.WebMvcTestContextBootstrapper : Loaded default TestExecutionListener class names from location [META-INF/spring.factories]: [org.springframework.security.test.context.support.WithSecurityContextTestExecutionListener, org.springframework.security.test.context.support.ReactorContextTestExecutionListener, org.springframework.boot.test.autoconfigure.restdocs.RestDocsTestExecutionListener, org.springframework.boot.test.autoconfigure.web.client.MockRestServiceServerResetTestExecutionListener, org.springframework.boot.test.autoconfigure.web.servlet.MockMvcPrintOnlyOnFailureTestExecutionListener, org.springframework.boot.test.autoconfigure.web.servlet.WebDriverTestExecutionListener, org.springframework.boot.test.mock.mockito.MockitoTestExecutionListener, org.springframework.boot.test.mock.mockito.ResetMocksTestExecutionListener, org.springframework.test.context.web.ServletTestExecutionListener, org.springframework.test.context.support.DirtiesContextBeforeModesTestExecutionListener, org.springframework.test.context.support.DependencyInjectionTestExecutionListener, org.springframework.test.context.support.DirtiesContextTestExecutionListener, org.springframework.test.context.transaction.TransactionalTestExecutionListener, org.springframework.test.context.jdbc.SqlScriptsTestExecutionListener]
2021-04-20 22:43:17.661  INFO 916 --- [    Test worker] .b.t.a.w.s.WebMvcTestContextBootstrapper : Using TestExecutionListeners: [org.springframework.test.context.web.ServletTestExecutionListener@6288dea1, org.springframework.test.context.support.DirtiesContextBeforeModesTestExecutionListener@ec6e9b5, org.springframework.boot.test.mock.mockito.MockitoTestExecutionListener@1ce7674f, org.springframework.boot.test.autoconfigure.SpringBootDependencyInjectionTestExecutionListener@454b6fe8, org.springframework.test.context.support.DirtiesContextTestExecutionListener@6112dc36, org.springframework.test.context.transaction.TransactionalTestExecutionListener@58a00ae0, org.springframework.test.context.jdbc.SqlScriptsTestExecutionListener@7f5ad3a4, org.springframework.security.test.context.support.WithSecurityContextTestExecutionListener@61f0d788, org.springframework.security.test.context.support.ReactorContextTestExecutionListener@167444ec, org.springframework.boot.test.autoconfigure.restdocs.RestDocsTestExecutionListener@4e5bbbc8, org.springframework.boot.test.autoconfigure.web.client.MockRestServiceServerResetTestExecutionListener@67b59654, org.springframework.boot.test.autoconfigure.web.servlet.MockMvcPrintOnlyOnFailureTestExecutionListener@1e51bd, org.springframework.boot.test.autoconfigure.web.servlet.WebDriverTestExecutionListener@34f92676, org.springframework.boot.test.mock.mockito.ResetMocksTestExecutionListener@276f4eda]

  .   ____          _            __ _ _
 /\\ / ___'_ __ _ _(_)_ __  __ _ \ \ \ \
( ( )\___ | '_ | '_| | '_ \/ _` | \ \ \ \
 \\/  ___)| |_)| | | | | || (_| |  ) ) ) )
  '  |____| .__|_| |_|_| |_\__, | / / / /
 =========|_|==============|___/=/_/_/_/
 :: Spring Boot ::        (v2.1.7.RELEASE)

2021-04-20 22:43:17.737  INFO 916 --- [    Test worker] com.roon.board.web.HelloControllerTest   : Starting HelloControllerTest on DESKTOP-LH4F6AF with PID 916 (started by Roon in C:\Users\Roon\IdeaProjects\WebServiceForHajino)
2021-04-20 22:43:17.738  INFO 916 --- [    Test worker] com.roon.board.web.HelloControllerTest   : The following profiles are active: oauth
2021-04-20 22:43:18.508  INFO 916 --- [    Test worker] o.s.s.concurrent.ThreadPoolTaskExecutor  : Initializing ExecutorService 'applicationTaskExecutor'
2021-04-20 22:43:18.571  INFO 916 --- [    Test worker] o.s.b.a.w.s.WelcomePageHandlerMapping    : Adding welcome page template: index
2021-04-20 22:43:18.949  INFO 916 --- [    Test worker] .s.s.UserDetailsServiceAutoConfiguration : 

Using generated security password: 52175d57-dd72-4f69-b617-ebe0da2ba45e

2021-04-20 22:43:19.224  INFO 916 --- [    Test worker] o.s.s.web.DefaultSecurityFilterChain     : Creating filter chain: any request, [org.springframework.security.web.context.request.async.WebAsyncManagerIntegrationFilter@7afc4284, org.springframework.security.web.context.SecurityContextPersistenceFilter@4350db61, org.springframework.security.web.header.HeaderWriterFilter@4fdb2dde, org.springframework.security.web.csrf.CsrfFilter@63010719, org.springframework.security.web.authentication.logout.LogoutFilter@1a0e5d76, org.springframework.security.web.authentication.UsernamePasswordAuthenticationFilter@21234f81, org.springframework.security.web.authentication.ui.DefaultLoginPageGeneratingFilter@5280e5eb, org.springframework.security.web.authentication.ui.DefaultLogoutPageGeneratingFilter@61af50d0, org.springframework.security.web.authentication.www.BasicAuthenticationFilter@3586bc54, org.springframework.security.web.savedrequest.RequestCacheAwareFilter@2e574b95, org.springframework.security.web.servletapi.SecurityContextHolderAwareRequestFilter@38f4265c, org.springframework.security.web.authentication.AnonymousAuthenticationFilter@614b24ad, org.springframework.security.web.session.SessionManagementFilter@2489c2f3, org.springframework.security.web.access.ExceptionTranslationFilter@21f9926c, org.springframework.security.web.access.intercept.FilterSecurityInterceptor@4c59052f]
2021-04-20 22:43:19.304  INFO 916 --- [    Test worker] o.s.b.t.m.w.SpringBootMockServletContext : Initializing Spring TestDispatcherServlet ''
2021-04-20 22:43:19.305  INFO 916 --- [    Test worker] o.s.t.web.servlet.TestDispatcherServlet  : Initializing Servlet ''
2021-04-20 22:43:19.327  INFO 916 --- [    Test worker] o.s.t.web.servlet.TestDispatcherServlet  : Completed initialization in 22 ms
2021-04-20 22:43:19.409  INFO 916 --- [    Test worker] com.roon.board.web.HelloControllerTest   : Started HelloControllerTest in 1.746 seconds (JVM running for 14.198)
]]></system-out>
  <system-err><![CDATA[]]></system-err>
</testsuite>
