<?xml version="1.0" encoding="UTF-8"?>
<testsuite name="com.roon.board.web.PostsControllerTest" tests="2" skipped="0" failures="0" errors="0" timestamp="2021-04-20T13:43:24" hostname="DESKTOP-LH4F6AF" time="0.304">
  <properties/>
  <testcase name="Posts_등록" classname="com.roon.board.web.PostsControllerTest" time="0.221"/>
  <testcase name="Posts_수정" classname="com.roon.board.web.PostsControllerTest" time="0.08"/>
  <system-out><![CDATA[2021-04-20 22:43:24.002  INFO 916 --- [    Test worker] .b.t.c.SpringBootTestContextBootstrapper : Neither @ContextConfiguration nor @ContextHierarchy found for test class [com.roon.board.web.PostsControllerTest], using SpringBootContextLoader
2021-04-20 22:43:24.009  INFO 916 --- [    Test worker] o.s.t.c.support.AbstractContextLoader    : Could not detect default resource locations for test class [com.roon.board.web.PostsControllerTest]: no resource found for suffixes {-context.xml, Context.groovy}.
2021-04-20 22:43:24.010  INFO 916 --- [    Test worker] t.c.s.AnnotationConfigContextLoaderUtils : Could not detect default configuration classes for test class [com.roon.board.web.PostsControllerTest]: PostsControllerTest does not declare any static, non-private, non-final, nested classes annotated with @Configuration.
2021-04-20 22:43:24.012  INFO 916 --- [    Test worker] .b.t.c.SpringBootTestContextBootstrapper : Found @SpringBootConfiguration com.roon.board.Application for test class com.roon.board.web.PostsControllerTest
2021-04-20 22:43:24.016  INFO 916 --- [    Test worker] .b.t.c.SpringBootTestContextBootstrapper : Loaded default TestExecutionListener class names from location [META-INF/spring.factories]: [org.springframework.security.test.context.support.WithSecurityContextTestExecutionListener, org.springframework.security.test.context.support.ReactorContextTestExecutionListener, org.springframework.boot.test.autoconfigure.restdocs.RestDocsTestExecutionListener, org.springframework.boot.test.autoconfigure.web.client.MockRestServiceServerResetTestExecutionListener, org.springframework.boot.test.autoconfigure.web.servlet.MockMvcPrintOnlyOnFailureTestExecutionListener, org.springframework.boot.test.autoconfigure.web.servlet.WebDriverTestExecutionListener, org.springframework.boot.test.mock.mockito.MockitoTestExecutionListener, org.springframework.boot.test.mock.mockito.ResetMocksTestExecutionListener, org.springframework.test.context.web.ServletTestExecutionListener, org.springframework.test.context.support.DirtiesContextBeforeModesTestExecutionListener, org.springframework.test.context.support.DependencyInjectionTestExecutionListener, org.springframework.test.context.support.DirtiesContextTestExecutionListener, org.springframework.test.context.transaction.TransactionalTestExecutionListener, org.springframework.test.context.jdbc.SqlScriptsTestExecutionListener]
2021-04-20 22:43:24.019  INFO 916 --- [    Test worker] .b.t.c.SpringBootTestContextBootstrapper : Using TestExecutionListeners: [org.springframework.test.context.web.ServletTestExecutionListener@14760185, org.springframework.test.context.support.DirtiesContextBeforeModesTestExecutionListener@6a99c865, org.springframework.boot.test.mock.mockito.MockitoTestExecutionListener@59bce41a, org.springframework.boot.test.autoconfigure.SpringBootDependencyInjectionTestExecutionListener@155b7aeb, org.springframework.test.context.support.DirtiesContextTestExecutionListener@31853bec, org.springframework.test.context.transaction.TransactionalTestExecutionListener@15fb0759, org.springframework.test.context.jdbc.SqlScriptsTestExecutionListener@2bd9bdc8, org.springframework.security.test.context.support.WithSecurityContextTestExecutionListener@651b167a, org.springframework.security.test.context.support.ReactorContextTestExecutionListener@7d591b6e, org.springframework.boot.test.autoconfigure.restdocs.RestDocsTestExecutionListener@30d51a53, org.springframework.boot.test.autoconfigure.web.client.MockRestServiceServerResetTestExecutionListener@5604d67c, org.springframework.boot.test.autoconfigure.web.servlet.MockMvcPrintOnlyOnFailureTestExecutionListener@6b11a200, org.springframework.boot.test.autoconfigure.web.servlet.WebDriverTestExecutionListener@5e264667, org.springframework.boot.test.mock.mockito.ResetMocksTestExecutionListener@46b9d872]
2021-04-20 22:43:24.035  INFO 916 --- [    Test worker] o.a.c.c.C.[Tomcat].[localhost].[/]       : Initializing Spring TestDispatcherServlet ''
2021-04-20 22:43:24.035  INFO 916 --- [    Test worker] o.s.t.web.servlet.TestDispatcherServlet  : Initializing Servlet ''
2021-04-20 22:43:24.041  INFO 916 --- [    Test worker] o.s.t.web.servlet.TestDispatcherServlet  : Completed initialization in 6 ms
Hibernate: insert into posts (created_date, modified_date, author, content, title) values (?, ?, ?, ?, ?)
Hibernate: select posts0_.id as id1_0_, posts0_.created_date as created_2_0_, posts0_.modified_date as modified3_0_, posts0_.author as author4_0_, posts0_.content as content5_0_, posts0_.title as title6_0_ from posts posts0_
Hibernate: select posts0_.id as id1_0_, posts0_.created_date as created_2_0_, posts0_.modified_date as modified3_0_, posts0_.author as author4_0_, posts0_.content as content5_0_, posts0_.title as title6_0_ from posts posts0_
Hibernate: delete from posts where id=?
2021-04-20 22:43:24.261  INFO 916 --- [    Test worker] o.a.c.c.C.[Tomcat].[localhost].[/]       : Initializing Spring TestDispatcherServlet ''
2021-04-20 22:43:24.261  INFO 916 --- [    Test worker] o.s.t.web.servlet.TestDispatcherServlet  : Initializing Servlet ''
2021-04-20 22:43:24.268  INFO 916 --- [    Test worker] o.s.t.web.servlet.TestDispatcherServlet  : Completed initialization in 7 ms
Hibernate: insert into posts (created_date, modified_date, author, content, title) values (?, ?, ?, ?, ?)
Hibernate: select posts0_.id as id1_0_0_, posts0_.created_date as created_2_0_0_, posts0_.modified_date as modified3_0_0_, posts0_.author as author4_0_0_, posts0_.content as content5_0_0_, posts0_.title as title6_0_0_ from posts posts0_ where posts0_.id=?
Hibernate: update posts set created_date=?, modified_date=?, author=?, content=?, title=? where id=?
Hibernate: select posts0_.id as id1_0_, posts0_.created_date as created_2_0_, posts0_.modified_date as modified3_0_, posts0_.author as author4_0_, posts0_.content as content5_0_, posts0_.title as title6_0_ from posts posts0_
Hibernate: select posts0_.id as id1_0_, posts0_.created_date as created_2_0_, posts0_.modified_date as modified3_0_, posts0_.author as author4_0_, posts0_.content as content5_0_, posts0_.title as title6_0_ from posts posts0_
Hibernate: delete from posts where id=?
]]></system-out>
  <system-err><![CDATA[]]></system-err>
</testsuite>
